0 info it worked if it ends with ok
1 verbose cli [ 'C:\\Program Files\\nodejs\\node.exe',
1 verbose cli   'C:\\Program Files\\nodejs\\node_modules\\npm\\bin\\npm-cli.js',
1 verbose cli   'start' ]
2 info using npm@3.10.8
3 info using node@v6.9.1
4 verbose run-script [ 'prestart', 'start', 'poststart' ]
5 info lifecycle angular2-boilerplate@1.0.0~prestart: angular2-boilerplate@1.0.0
6 silly lifecycle angular2-boilerplate@1.0.0~prestart: no script for prestart, continuing
7 info lifecycle angular2-boilerplate@1.0.0~start: angular2-boilerplate@1.0.0
8 verbose lifecycle angular2-boilerplate@1.0.0~start: unsafe-perm in lifecycle true
9 verbose lifecycle angular2-boilerplate@1.0.0~start: PATH: C:\Program Files\nodejs\node_modules\npm\bin\node-gyp-bin;F:\Angular\mylogin2\node_modules\.bin;C:\Program Files\Microsoft MPI\Bin\;C:\ProgramData\Oracle\Java\javapath;C:\Program Files (x86)\RSA SecurID Token Common;C:\WINDOWS\system32;C:\WINDOWS;C:\WINDOWS\System32\Wbem;C:\WINDOWS\System32\WindowsPowerShell\v1.0\;C:\Program Files (x86)\Skype\Phone\;C:\Program Files\Java\jdk1.8.0_92\bin;C:\Program Files\nodejs\;D:\apache-tomcat-8.0.38\webapps\Thingworx\WEB-INF\extensions;C:\Program Files\PostgreSQL\9.4\bin;C:\Program Files\Microsoft SQL Server\Client SDK\ODBC\130\Tools\Binn\;C:\Program Files (x86)\Microsoft SQL Server\130\Tools\Binn\;C:\Program Files\Microsoft SQL Server\130\Tools\Binn\;C:\Program Files\Microsoft SQL Server\130\DTS\Binn\;C:\Program Files\Git\cmd;C:\Program Files\Apache\Maven\bin;C:\Program Files (x86)\Microsoft SQL Server\140\Tools\Binn\;C:\Program Files\Microsoft SQL Server\140\Tools\Binn\;C:\Program Files\Microsoft SQL Server\140\DTS\Binn\;C:\Program Files (x86)\Microsoft SQL Server\Client SDK\ODBC\130\Tools\Binn\;C:\Program Files (x86)\Microsoft SQL Server\140\DTS\Binn\;C:\Program Files (x86)\Microsoft SQL Server\140\Tools\Binn\ManagementStudio\;C:\Program Files\PuTTY\;C:\Users\Radha\AppData\Local\Programs\Python\Python36\Scripts\;C:\Users\Radha\AppData\Local\Microsoft\WindowsApps;C:\Users\Radha\AppData\Roaming\npm;C:\Users\Radha\AppData\Local\Programs\Python\Python36\Scripts;C:\Users\Radha\AppData\Local\Programs\Python\Python36;;C:\Program Files\Microsoft VS Code\bin
10 verbose lifecycle angular2-boilerplate@1.0.0~start: CWD: F:\Angular\mylogin2
11 silly lifecycle angular2-boilerplate@1.0.0~start: Args: [ '/d /s /c', 'concurrent "npm run gulp" "npm run lite" ' ]
12 silly lifecycle angular2-boilerplate@1.0.0~start: Returned: code: 3221225786  signal: null
13 info lifecycle angular2-boilerplate@1.0.0~start: Failed to exec start script
14 verbose stack Error: angular2-boilerplate@1.0.0 start: `concurrent "npm run gulp" "npm run lite" `
14 verbose stack Exit status 3221225786
14 verbose stack     at EventEmitter.<anonymous> (C:\Program Files\nodejs\node_modules\npm\lib\utils\lifecycle.js:255:16)
14 verbose stack     at emitTwo (events.js:106:13)
14 verbose stack     at EventEmitter.emit (events.js:191:7)
14 verbose stack     at ChildProcess.<anonymous> (C:\Program Files\nodejs\node_modules\npm\lib\utils\spawn.js:40:14)
14 verbose stack     at emitTwo (events.js:106:13)
14 verbose stack     at ChildProcess.emit (events.js:191:7)
14 verbose stack     at maybeClose (internal/child_process.js:877:16)
14 verbose stack     at Process.ChildProcess._handle.onexit (internal/child_process.js:226:5)
15 verbose pkgid angular2-boilerplate@1.0.0
16 verbose cwd F:\Angular\mylogin2
17 error Windows_NT 10.0.16299
18 error argv "C:\\Program Files\\nodejs\\node.exe" "C:\\Program Files\\nodejs\\node_modules\\npm\\bin\\npm-cli.js" "start"
19 error node v6.9.1
20 error npm  v3.10.8
21 error code ELIFECYCLE
22 error angular2-boilerplate@1.0.0 start: `concurrent "npm run gulp" "npm run lite" `
22 error Exit status 3221225786
23 error Failed at the angular2-boilerplate@1.0.0 start script 'concurrent "npm run gulp" "npm run lite" '.
23 error Make sure you have the latest version of node.js and npm installed.
23 error If you do, this is most likely a problem with the angular2-boilerplate package,
23 error not with npm itself.
23 error Tell the author that this fails on your system:
23 error     concurrent "npm run gulp" "npm run lite"
23 error You can get information on how to open an issue for this project with:
23 error     npm bugs angular2-boilerplate
23 error Or if that isn't available, you can get their info via:
23 error     npm owner ls angular2-boilerplate
23 error There is likely additional logging output above.
24 verbose exit [ 1, true ]
